CRITICAL:root:This is critical messge
ERROR:root:This is error messge
WARNING:root:This is warning messge
INFO:root:This is info messge
DEBUG:root:This is debg messge
CRITICAL:root:This is critical messge
ERROR:root:This is error messge
WARNING:root:This is warning messge
INFO:root:This is info messge
DEBUG:root:This is debug messge
CRITICAL:root:This is critical messge
ERROR:root:This is error messge
WARNING:root:This is warning messge
INFO:root:This is info messge
DEBUG:root:This is debug messge
CRITICAL:root:This is critical messge
ERROR:root:This is error messge
WARNING:root:This is warning messge
INFO:root:This is info messge
DEBUG:root:This is debug messge
CRITICAL:root:This is critical messge
ERROR:root:This is error messge
WARNING:root:This is warning messge
INFO:root:This is info messge
DEBUG:root:This is debug messge
CRITICAL:root:This is critical messge
ERROR:root:This is error messge
WARNING:root:This is warning messge
INFO:root:This is info messge
DEBUG:root:This is debug messge
CRITICAL:root:This is critical messge
ERROR:root:This is error messge
WARNING:root:This is warning messge
INFO:root:This is info messge
DEBUG:root:This is debug messge
CRITICAL:root:This is critical messge
ERROR:root:This is error messge
WARNING:root:This is warning messge
INFO:root:This is info messge
DEBUG:root:This is debug messge
CRITICAL:root:This is critical messge
ERROR:root:This is error messge
WARNING:root:This is warning messge
INFO:root:This is info messge
DEBUG:root:This is debug messge
